<?xml version="1.0" encoding="UTF-8"?>
<!-- Generated by org.testng.reporters.JUnitXMLReporter -->
<testsuite ignored="0" hostname="AK-Gigachad" failures="1" tests="2" name="TestChrome" time="3.945" errors="0" timestamp="2024-12-24T16:22:02 IST">
  <testcase classname="tests.TC002_LoginUser" name="testLoginUser" time="2.437"/>
  <testcase classname="tests.TC002_LoginUser" name="enterCredential" time="0.274">
    <failure type="org.testng.internal.reflect.MethodMatcherException" message="
[public void tests.TC002_LoginUser.enterCredential(java.lang.String,java.lang.String)] has no parameters defined but was found to be using a data provider (either explicitly specified or inherited from class level annotation).
Data provider mismatch
Method: enterCredential([java.lang.String arg0, java.lang.String arg1])
Arguments: [(java.lang.String) ak@mail.com,(java.lang.String) ak@1234,(java.lang.String) Pass]">
      <![CDATA[org.testng.internal.reflect.MethodMatcherException: 
[public void tests.TC002_LoginUser.enterCredential(java.lang.String,java.lang.String)] has no parameters defined but was found to be using a data provider (either explicitly specified or inherited from class level annotation).
Data provider mismatch
Method: enterCredential([java.lang.String arg0, java.lang.String arg1])
Arguments: [(java.lang.String) ak@mail.com,(java.lang.String) ak@1234,(java.lang.String) Pass]
at java.base/java.util.ArrayList.forEach(ArrayList.java:1597)
at com.intellij.rt.testng.IDEARemoteTestNG.run(IDEARemoteTestNG.java:65)
at com.intellij.rt.testng.RemoteTestNGStarter.main(RemoteTestNGStarter.java:105)
... Removed 19 stack frames]]>
    </failure>
  </testcase> <!-- enterCredential -->
</testsuite> <!-- TestChrome -->
